parallel,16,1000000,1000,138.997814,8.690910,8.690909,138.997812,static
parallel,16,1000000,1000,138.922519,8.685765,8.685765,138.922518,static
parallel,16,1000000,1000,139.696566,8.728912,8.728912,139.696564,static
parallel,16,1000000,1000,139.446825,8.719155,8.719155,139.446824,static
parallel,16,1000000,1000,138.993276,8.688274,8.688273,138.993278,static
parallel,16,1000000,1000,139.632922,8.727004,8.727004,139.632920,static
parallel,16,1000000,1000,139.629415,8.725256,8.725256,139.629414,static
parallel,16,1000000,1000,138.934100,8.687385,8.687385,138.934100,static
parallel,16,1000000,1000,139.509204,8.720876,8.720875,139.509205,static
parallel,16,1000000,1000,141.041470,8.814379,8.814378,141.041470,static
parallel,16,1000000,1000,2161.977428,135.134149,135.134149,2161.977429,dynamic
parallel,16,1000000,1000,2161.151013,135.084932,135.084932,2161.151016,dynamic
parallel,16,1000000,1000,2160.955123,135.069751,135.069751,2160.955123,dynamic
parallel,16,1000000,1000,2160.767409,135.057412,135.057412,2160.767412,dynamic
parallel,16,1000000,1000,2161.913567,135.130499,135.130499,2161.913567,dynamic
parallel,16,1000000,1000,2161.275758,135.089498,135.089497,2161.275758,dynamic
srun: error: Unable to create step for job 4561061: Job/step already completing or completed
srun: error: Unable to create step for job 4561061: Job/step already completing or completed
srun: error: Unable to create step for job 4561061: Job/step already completing or completed
srun: error: Unable to create step for job 4561061: Job/step already completing or completed
