parallel,16,1000000,1000,160.982670,10.597548,10.597548,160.982651,static
parallel,16,1000000,1000,173.552935,11.648326,11.648325,173.552932,static
parallel,16,1000000,1000,630.367152,55.280858,55.280858,630.367097,static
parallel,16,1000000,1000,306.458965,24.129449,24.129449,306.458963,static
parallel,16,1000000,1000,470.173996,38.390624,38.390623,470.173958,static
parallel,16,1000000,1000,520.507975,45.046517,45.046517,520.507974,static
parallel,16,1000000,1000,144.990251,9.130146,9.130146,144.990249,static
parallel,16,1000000,1000,212.223681,15.528182,15.528182,212.223440,static
parallel,16,1000000,1000,268.791399,20.958720,20.958720,268.791400,static
parallel,16,1000000,1000,205.881129,14.512233,14.512232,205.881128,static
parallel,16,1000000,1000,2492.101780,162.394001,162.394001,2492.101779,dynamic
parallel,16,1000000,1000,2585.939091,168.573476,168.573475,2585.939068,dynamic
parallel,16,1000000,1000,2589.929698,164.999026,164.999026,2589.929684,dynamic
parallel,16,1000000,1000,2696.562627,184.370089,184.370088,2696.562628,dynamic
parallel,16,1000000,1000,2575.220765,173.220189,173.220189,2575.220764,dynamic
parallel,16,1000000,1000,2478.607663,159.049115,159.049115,2478.607663,dynamic
parallel,16,1000000,1000,2586.380594,174.088769,174.088769,2586.380596,dynamic
parallel,16,1000000,1000,2540.027295,180.358681,180.358680,2540.027276,dynamic
parallel,16,1000000,1000,2507.179425,164.102969,164.102968,2507.179424,dynamic
slurmstepd: error: *** STEP 4565006.19 ON nid002604 CANCELLED AT 2023-09-18T12:55:22 DUE TO TIME LIMIT ***
srun: Job step aborted: Waiting up to 32 seconds for job step to finish.
slurmstepd: error: *** JOB 4565006 ON nid002604 CANCELLED AT 2023-09-18T12:55:22 DUE TO TIME LIMIT ***
